06/01/2025 - Launching browser
06/01/2025 - Browser launched
06/01/2025 - Creating a new browser context
06/01/2025 - Browser context created
06/01/2025 - Opening a new page
06/01/2025 - New page opened
06/01/2025 - Navigating to URL: https://www.nasdaq.com/market-activity/quotes/historical
06/01/2025 - Page loaded
06/01/2025 - Clicking on the search bar: #find-symbol-input-dark
06/01/2025 - Search bar clicked
06/01/2025 - Typing text into the search bar: AMD
06/01/2025 - Text typed into the search bar
06/01/2025 - Verification successful: Text correctly typed in the search bar
06/01/2025 - Pressing Enter to search
06/01/2025 - Enter key pressed
06/01/2025 - Clicking on Searched Option: #resultsDark > a:nth-child(1)
06/01/2025 - Option to select clicked
06/01/2025 - Clicking on Max Option: body > div.dialog-off-canvas-main-canvas > div > main > div.page__content > article > div > div.nsdq-bento-layout__main.nsdq-c-band.nsdq-c-band--white.nsdq-u-padding-top-sm2.nsdq-u-padding-bottom-sm2.nsdq-c-band__overflow_hidden > div > div.nsdq-bento-ma-layout__qd-center.nsdq-sticky-container > div.ma-qd-symbol-info > div.layout__region.ma-qd-breadcrumb > div:nth-child(3) > div > div.historical-data-container > div.historical-controls > div.historical-tabs > div > button:nth-child(6)
06/01/2025 - Max clicked
06/01/2025 - Clicking on Download Option: body > div.dialog-off-canvas-main-canvas > div > main > div.page__content > article > div > div.nsdq-bento-layout__main.nsdq-c-band.nsdq-c-band--white.nsdq-u-padding-top-sm2.nsdq-u-padding-bottom-sm2.nsdq-c-band__overflow_hidden > div > div.nsdq-bento-ma-layout__qd-center.nsdq-sticky-container > div.ma-qd-symbol-info > div.layout__region.ma-qd-breadcrumb > div:nth-child(3) > div > div.historical-data-container > div.historical-controls > div.historical-download-container > button
06/01/2025 - Download clicked
06/01/2025 - Successfully downloaded data for AMD to D:\Devanshi\Self study\USStockDownloder\Downloads\AMD\AMD_06-01-2025_00-24-09.csv
06/01/2025 - CSV formatted, headers removed, and saved at D:\Devanshi\Self study\USStockDownloder\Downloads\AMD\AMD_06-01-2025_00-24-09.csv
06/01/2025 - Closing the browser
06/01/2025 - Browser closed
06/01/2025 - Launching browser
06/01/2025 - Browser launched
06/01/2025 - Creating a new browser context
06/01/2025 - Browser context created
06/01/2025 - Opening a new page
06/01/2025 - New page opened
06/01/2025 - Navigating to URL: https://www.nasdaq.com/market-activity/quotes/historical
06/01/2025 - Page loaded
06/01/2025 - Clicking on the search bar: #find-symbol-input-dark
06/01/2025 - Search bar clicked
06/01/2025 - Typing text into the search bar: TSLA
06/01/2025 - Text typed into the search bar
06/01/2025 - Verification successful: Text correctly typed in the search bar
06/01/2025 - Pressing Enter to search
06/01/2025 - Enter key pressed
06/01/2025 - Clicking on Searched Option: #resultsDark > a:nth-child(1)
06/01/2025 - Option to select clicked
06/01/2025 - Clicking on Max Option: body > div.dialog-off-canvas-main-canvas > div > main > div.page__content > article > div > div.nsdq-bento-layout__main.nsdq-c-band.nsdq-c-band--white.nsdq-u-padding-top-sm2.nsdq-u-padding-bottom-sm2.nsdq-c-band__overflow_hidden > div > div.nsdq-bento-ma-layout__qd-center.nsdq-sticky-container > div.ma-qd-symbol-info > div.layout__region.ma-qd-breadcrumb > div:nth-child(3) > div > div.historical-data-container > div.historical-controls > div.historical-tabs > div > button:nth-child(6)
06/01/2025 - Max clicked
06/01/2025 - Clicking on Download Option: body > div.dialog-off-canvas-main-canvas > div > main > div.page__content > article > div > div.nsdq-bento-layout__main.nsdq-c-band.nsdq-c-band--white.nsdq-u-padding-top-sm2.nsdq-u-padding-bottom-sm2.nsdq-c-band__overflow_hidden > div > div.nsdq-bento-ma-layout__qd-center.nsdq-sticky-container > div.ma-qd-symbol-info > div.layout__region.ma-qd-breadcrumb > div:nth-child(3) > div > div.historical-data-container > div.historical-controls > div.historical-download-container > button
06/01/2025 - Download clicked
06/01/2025 - Successfully downloaded data for TSLA to D:\Devanshi\Self study\USStockDownloder\Downloads\TSLA\TSLA_06-01-2025_00-24-58.csv
06/01/2025 - CSV formatted, headers removed, and saved at D:\Devanshi\Self study\USStockDownloder\Downloads\TSLA\TSLA_06-01-2025_00-24-58.csv
06/01/2025 - Closing the browser
06/01/2025 - Browser closed
06/01/2025 - Launching browser
06/01/2025 - Browser launched
06/01/2025 - Creating a new browser context
06/01/2025 - Browser context created
06/01/2025 - Opening a new page
06/01/2025 - New page opened
06/01/2025 - Navigating to URL: https://www.nasdaq.com/market-activity/quotes/historical
06/01/2025 - Page loaded
06/01/2025 - Clicking on the search bar: #find-symbol-input-dark
06/01/2025 - Search bar clicked
06/01/2025 - Typing text into the search bar: META
06/01/2025 - Text typed into the search bar
06/01/2025 - Verification successful: Text correctly typed in the search bar
06/01/2025 - Pressing Enter to search
06/01/2025 - Enter key pressed
06/01/2025 - Clicking on Searched Option: #resultsDark > a:nth-child(1)
06/01/2025 - Option to select clicked
06/01/2025 - Clicking on Max Option: body > div.dialog-off-canvas-main-canvas > div > main > div.page__content > article > div > div.nsdq-bento-layout__main.nsdq-c-band.nsdq-c-band--white.nsdq-u-padding-top-sm2.nsdq-u-padding-bottom-sm2.nsdq-c-band__overflow_hidden > div > div.nsdq-bento-ma-layout__qd-center.nsdq-sticky-container > div.ma-qd-symbol-info > div.layout__region.ma-qd-breadcrumb > div:nth-child(3) > div > div.historical-data-container > div.historical-controls > div.historical-tabs > div > button:nth-child(6)
06/01/2025 - Max clicked
06/01/2025 - Clicking on Download Option: body > div.dialog-off-canvas-main-canvas > div > main > div.page__content > article > div > div.nsdq-bento-layout__main.nsdq-c-band.nsdq-c-band--white.nsdq-u-padding-top-sm2.nsdq-u-padding-bottom-sm2.nsdq-c-band__overflow_hidden > div > div.nsdq-bento-ma-layout__qd-center.nsdq-sticky-container > div.ma-qd-symbol-info > div.layout__region.ma-qd-breadcrumb > div:nth-child(3) > div > div.historical-data-container > div.historical-controls > div.historical-download-container > button
06/01/2025 - Download clicked
06/01/2025 - Successfully downloaded data for META to D:\Devanshi\Self study\USStockDownloder\Downloads\META\META_06-01-2025_00-25-42.csv
06/01/2025 - CSV formatted, headers removed, and saved at D:\Devanshi\Self study\USStockDownloder\Downloads\META\META_06-01-2025_00-25-42.csv
06/01/2025 - Closing the browser
06/01/2025 - Browser closed
06/01/2025 - Launching browser
06/01/2025 - Browser launched
06/01/2025 - Creating a new browser context
06/01/2025 - Browser context created
06/01/2025 - Opening a new page
06/01/2025 - New page opened
06/01/2025 - Navigating to URL: https://www.nasdaq.com/market-activity/quotes/historical
06/01/2025 - Page loaded
06/01/2025 - Clicking on the search bar: #find-symbol-input-dark
06/01/2025 - Search bar clicked
06/01/2025 - Typing text into the search bar: AAPL
06/01/2025 - Text typed into the search bar
06/01/2025 - Verification successful: Text correctly typed in the search bar
06/01/2025 - Pressing Enter to search
06/01/2025 - Enter key pressed
06/01/2025 - Clicking on Searched Option: #resultsDark > a:nth-child(1)
06/01/2025 - Option to select clicked
06/01/2025 - Clicking on Max Option: body > div.dialog-off-canvas-main-canvas > div > main > div.page__content > article > div > div.nsdq-bento-layout__main.nsdq-c-band.nsdq-c-band--white.nsdq-u-padding-top-sm2.nsdq-u-padding-bottom-sm2.nsdq-c-band__overflow_hidden > div > div.nsdq-bento-ma-layout__qd-center.nsdq-sticky-container > div.ma-qd-symbol-info > div.layout__region.ma-qd-breadcrumb > div:nth-child(3) > div > div.historical-data-container > div.historical-controls > div.historical-tabs > div > button:nth-child(6)
06/01/2025 - Max clicked
06/01/2025 - Clicking on Download Option: body > div.dialog-off-canvas-main-canvas > div > main > div.page__content > article > div > div.nsdq-bento-layout__main.nsdq-c-band.nsdq-c-band--white.nsdq-u-padding-top-sm2.nsdq-u-padding-bottom-sm2.nsdq-c-band__overflow_hidden > div > div.nsdq-bento-ma-layout__qd-center.nsdq-sticky-container > div.ma-qd-symbol-info > div.layout__region.ma-qd-breadcrumb > div:nth-child(3) > div > div.historical-data-container > div.historical-controls > div.historical-download-container > button
06/01/2025 - Download clicked
06/01/2025 - Successfully downloaded data for AAPL to D:\Devanshi\Self study\USStockDownloder\Downloads\AAPL\AAPL_06-01-2025_00-26-21.csv
06/01/2025 - CSV formatted, headers removed, and saved at D:\Devanshi\Self study\USStockDownloder\Downloads\AAPL\AAPL_06-01-2025_00-26-21.csv
06/01/2025 - Closing the browser
06/01/2025 - Browser closed
06/01/2025 - Launching browser
06/01/2025 - Browser launched
06/01/2025 - Creating a new browser context
06/01/2025 - Browser context created
06/01/2025 - Opening a new page
06/01/2025 - New page opened
06/01/2025 - Navigating to URL: https://www.nasdaq.com/market-activity/quotes/historical
06/01/2025 - Page loaded
06/01/2025 - Clicking on the search bar: #find-symbol-input-dark
06/01/2025 - Search bar clicked
06/01/2025 - Typing text into the search bar: MSFT
06/01/2025 - Text typed into the search bar
06/01/2025 - Verification successful: Text correctly typed in the search bar
06/01/2025 - Pressing Enter to search
06/01/2025 - Enter key pressed
06/01/2025 - Clicking on Searched Option: #resultsDark > a:nth-child(1)
06/01/2025 - Option to select clicked
06/01/2025 - Clicking on Max Option: body > div.dialog-off-canvas-main-canvas > div > main > div.page__content > article > div > div.nsdq-bento-layout__main.nsdq-c-band.nsdq-c-band--white.nsdq-u-padding-top-sm2.nsdq-u-padding-bottom-sm2.nsdq-c-band__overflow_hidden > div > div.nsdq-bento-ma-layout__qd-center.nsdq-sticky-container > div.ma-qd-symbol-info > div.layout__region.ma-qd-breadcrumb > div:nth-child(3) > div > div.historical-data-container > div.historical-controls > div.historical-tabs > div > button:nth-child(6)
06/01/2025 - Max clicked
06/01/2025 - Clicking on Download Option: body > div.dialog-off-canvas-main-canvas > div > main > div.page__content > article > div > div.nsdq-bento-layout__main.nsdq-c-band.nsdq-c-band--white.nsdq-u-padding-top-sm2.nsdq-u-padding-bottom-sm2.nsdq-c-band__overflow_hidden > div > div.nsdq-bento-ma-layout__qd-center.nsdq-sticky-container > div.ma-qd-symbol-info > div.layout__region.ma-qd-breadcrumb > div:nth-child(3) > div > div.historical-data-container > div.historical-controls > div.historical-download-container > button
06/01/2025 - Download clicked
06/01/2025 - Successfully downloaded data for MSFT to D:\Devanshi\Self study\USStockDownloder\Downloads\MSFT\MSFT_06-01-2025_00-27-03.csv
06/01/2025 - CSV formatted, headers removed, and saved at D:\Devanshi\Self study\USStockDownloder\Downloads\MSFT\MSFT_06-01-2025_00-27-03.csv
06/01/2025 - Closing the browser
06/01/2025 - Browser closed
