05/01/2025 - Launching browser
05/01/2025 - Browser launched
05/01/2025 - Creating a new browser context
05/01/2025 - Browser context created
05/01/2025 - Opening a new page
05/01/2025 - New page opened
05/01/2025 - Navigating to URL: https://www.nasdaq.com/market-activity/quotes/historical
05/01/2025 - Page loaded
05/01/2025 - Clicking on the search bar: #find-symbol-input-dark
05/01/2025 - Search bar clicked
05/01/2025 - Typing text into the search bar: AMD
05/01/2025 - Text typed into the search bar
05/01/2025 - Verification successful: Text correctly typed in the search bar
05/01/2025 - Pressing Enter to search
05/01/2025 - Enter key pressed
05/01/2025 - Clicking on Searched Option: #resultsDark > a:nth-child(1)
05/01/2025 - Option to select clicked
05/01/2025 - Clicking on Max Option: body > div.dialog-off-canvas-main-canvas > div > main > div.page__content > article > div > div.nsdq-bento-layout__main.nsdq-c-band.nsdq-c-band--white.nsdq-u-padding-top-sm2.nsdq-u-padding-bottom-sm2.nsdq-c-band__overflow_hidden > div > div.nsdq-bento-ma-layout__qd-center.nsdq-sticky-container > div.ma-qd-symbol-info > div.layout__region.ma-qd-breadcrumb > div:nth-child(3) > div > div.historical-data-container > div.historical-controls > div.historical-tabs > div > button:nth-child(6)
05/01/2025 - Max clicked
05/01/2025 - Clicking on Download Option: body > div.dialog-off-canvas-main-canvas > div > main > div.page__content > article > div > div.nsdq-bento-layout__main.nsdq-c-band.nsdq-c-band--white.nsdq-u-padding-top-sm2.nsdq-u-padding-bottom-sm2.nsdq-c-band__overflow_hidden > div > div.nsdq-bento-ma-layout__qd-center.nsdq-sticky-container > div.ma-qd-symbol-info > div.layout__region.ma-qd-breadcrumb > div:nth-child(3) > div > div.historical-data-container > div.historical-controls > div.historical-download-container > button
05/01/2025 - Download clicked
05/01/2025 - Successfully downloaded data for AMD to D:\Devanshi\Self study\USStockDownloder\Downloads\AMD\AMD_05-01-2025_18-48-49.csv
05/01/2025 - CSV formatted and saved at D:\Devanshi\Self study\USStockDownloder\Downloads\AMD\AMD_05-01-2025_18-48-49.csv
05/01/2025 - Closing the browser
05/01/2025 - Browser closed
05/01/2025 - Launching browser
05/01/2025 - Browser launched
05/01/2025 - Creating a new browser context
05/01/2025 - Browser context created
05/01/2025 - Opening a new page
05/01/2025 - New page opened
05/01/2025 - Navigating to URL: https://www.nasdaq.com/market-activity/quotes/historical
05/01/2025 - Page loaded
05/01/2025 - Clicking on the search bar: #find-symbol-input-dark
05/01/2025 - Search bar clicked
05/01/2025 - Typing text into the search bar: TSLA
05/01/2025 - Text typed into the search bar
05/01/2025 - Verification successful: Text correctly typed in the search bar
05/01/2025 - Pressing Enter to search
05/01/2025 - Enter key pressed
05/01/2025 - Clicking on Searched Option: #resultsDark > a:nth-child(1)
05/01/2025 - Option to select clicked
05/01/2025 - Clicking on Max Option: body > div.dialog-off-canvas-main-canvas > div > main > div.page__content > article > div > div.nsdq-bento-layout__main.nsdq-c-band.nsdq-c-band--white.nsdq-u-padding-top-sm2.nsdq-u-padding-bottom-sm2.nsdq-c-band__overflow_hidden > div > div.nsdq-bento-ma-layout__qd-center.nsdq-sticky-container > div.ma-qd-symbol-info > div.layout__region.ma-qd-breadcrumb > div:nth-child(3) > div > div.historical-data-container > div.historical-controls > div.historical-tabs > div > button:nth-child(6)
05/01/2025 - Max clicked
05/01/2025 - Clicking on Download Option: body > div.dialog-off-canvas-main-canvas > div > main > div.page__content > article > div > div.nsdq-bento-layout__main.nsdq-c-band.nsdq-c-band--white.nsdq-u-padding-top-sm2.nsdq-u-padding-bottom-sm2.nsdq-c-band__overflow_hidden > div > div.nsdq-bento-ma-layout__qd-center.nsdq-sticky-container > div.ma-qd-symbol-info > div.layout__region.ma-qd-breadcrumb > div:nth-child(3) > div > div.historical-data-container > div.historical-controls > div.historical-download-container > button
05/01/2025 - Download clicked
05/01/2025 - Successfully downloaded data for TSLA to D:\Devanshi\Self study\USStockDownloder\Downloads\TSLA\TSLA_05-01-2025_18-50-13.csv
05/01/2025 - CSV formatted and saved at D:\Devanshi\Self study\USStockDownloder\Downloads\TSLA\TSLA_05-01-2025_18-50-13.csv
05/01/2025 - Closing the browser
05/01/2025 - Browser closed
05/01/2025 - Launching browser
05/01/2025 - Browser launched
05/01/2025 - Creating a new browser context
05/01/2025 - Browser context created
05/01/2025 - Opening a new page
05/01/2025 - New page opened
05/01/2025 - Navigating to URL: https://www.nasdaq.com/market-activity/quotes/historical
05/01/2025 - Page loaded
05/01/2025 - Clicking on the search bar: #find-symbol-input-dark
05/01/2025 - Search bar clicked
05/01/2025 - Typing text into the search bar: META
05/01/2025 - Text typed into the search bar
05/01/2025 - Verification successful: Text correctly typed in the search bar
05/01/2025 - Pressing Enter to search
05/01/2025 - Enter key pressed
05/01/2025 - Clicking on Searched Option: #resultsDark > a:nth-child(1)
